{
  "profileName": "newmico",
  "jobId": "4c2417a7-ec4d-4ae2-a880-45d9438738c2",
  "projectId": "89746.01808170015",
  "time": "2021-11-16T12:27:20.808Z",
  "log": [
    "Creating Azure resources...",
    "Checking the Existence of the Resource Group ...",
    "Use the Resource Group: AIDemos at westeurope",
    "> Creating App Registration ...",
    "Start to add password for App, Id : 24530d94-1042-49aa-b581-83498a7abe24",
    "> Create App Registration Success! ID: 24530d94-1042-49aa-b581-83498a7abe24",
    "Deploying Web App Resource ...",
    "Deploying Bot Resource ...",
    "Deploying Cosmos DB Resource ...",
    "{\"stack\":\"Error: The subscription is not registered to use namespace 'Microsoft.DocumentDB'. See https://aka.ms/rps-not-found for how to register subscriptions.\\n    at new RestError2 (C:\\\\Users\\\\v-edaayan\\\\AppData\\\\Local\\\\Programs\\\\Bot Framework Composer\\\\resources\\\\app.asar.unpacked\\\\extensions\\\\azurePublish\\\\dist\\\\extension.js:159952:26)\\n    at C:\\\\Users\\\\v-edaayan\\\\AppData\\\\Local\\\\Programs\\\\Bot Framework Composer\\\\resources\\\\app.asar.unpacked\\\\extensions\\\\azurePublish\\\\dist\\\\extension.js:160885:27\\n    at async AzureResourceMananger.deployCosmosDBResource (C:\\\\Users\\\\v-edaayan\\\\AppData\\\\Local\\\\Programs\\\\Bot Framework Composer\\\\resources\\\\app.asar.unpacked\\\\extensions\\\\azurePublish\\\\dist\\\\extension.js:256612:37)\\n    at async BotProjectProvision.create (C:\\\\Users\\\\v-edaayan\\\\AppData\\\\Local\\\\Programs\\\\Bot Framework Composer\\\\resources\\\\app.asar.unpacked\\\\extensions\\\\azurePublish\\\\dist\\\\extension.js:257147:41)\\n    at async AzurePublisher.asyncProvision (C:\\\\Users\\\\v-edaayan\\\\AppData\\\\Local\\\\Programs\\\\Bot Framework Composer\\\\resources\\\\app.asar.unpacked\\\\extensions\\\\azurePublish\\\\dist\\\\extension.js:257626:34)\",\"message\":\"The subscription is not registered to use namespace 'Microsoft.DocumentDB'. See https://aka.ms/rps-not-found for how to register subscriptions.\",\"code\":\"MissingSubscriptionRegistration\",\"statusCode\":409,\"request\":{\"body\":\"{\\\"location\\\":\\\"westeurope\\\",\\\"properties\\\":{\\\"locations\\\":[{\\\"locationName\\\":\\\"westeurope\\\",\\\"failoverPriority\\\":0}],\\\"databaseAccountOfferType\\\":\\\"Standard\\\"}}\"},\"response\":{\"body\":\"{\\\"error\\\":{\\\"code\\\":\\\"MissingSubscriptionRegistration\\\",\\\"message\\\":\\\"The subscription is not registered to use namespace 'Microsoft.DocumentDB'. See https://aka.ms/rps-not-found for how to register subscriptions.\\\",\\\"details\\\":[{\\\"code\\\":\\\"MissingSubscriptionRegistration\\\",\\\"target\\\":\\\"Microsoft.DocumentDB\\\",\\\"message\\\":\\\"The subscription is not registered to use namespace 'Microsoft.DocumentDB'. See https://aka.ms/rps-not-found for how to register subscriptions.\\\"}]}}\"},\"body\":{\"message\":\"The subscription is not registered to use namespace 'Microsoft.DocumentDB'. See https://aka.ms/rps-not-found for how to register subscriptions.\",\"code\":\"MissingSubscriptionRegistration\"}}",
    "{\"name\":\"CREATE_COSMOSDB_ERROR\",\"message\":\"Error - The subscription is not registered to use namespace 'Microsoft.DocumentDB'. See https://aka.ms/rps-not-found for how to register subscriptions.\",\"stack\":\"Error\\n    at new CustomizeError (C:\\\\Users\\\\v-edaayan\\\\AppData\\\\Local\\\\Programs\\\\Bot Framework Composer\\\\resources\\\\app.asar.unpacked\\\\extensions\\\\azurePublish\\\\dist\\\\extension.js:255547:25)\\n    at createCustomizeError2 (C:\\\\Users\\\\v-edaayan\\\\AppData\\\\Local\\\\Programs\\\\Bot Framework Composer\\\\resources\\\\app.asar.unpacked\\\\extensions\\\\azurePublish\\\\dist\\\\extension.js:255552:10)\\n    at AzureResourceMananger.deployCosmosDBResource (C:\\\\Users\\\\v-edaayan\\\\AppData\\\\Local\\\\Programs\\\\Bot Framework Composer\\\\resources\\\\app.asar.unpacked\\\\extensions\\\\azurePublish\\\\dist\\\\extension.js:256698:13)\"}",
    "Provisioning completed 3 items before encountering a problem. {\"name\":\"CREATE_COSMOSDB_ERROR\",\"message\":\"Error - The subscription is not registered to use namespace 'Microsoft.DocumentDB'. See https://aka.ms/rps-not-found for how to register subscriptions.\",\"stack\":\"Error\\n    at new CustomizeError (C:\\\\Users\\\\v-edaayan\\\\AppData\\\\Local\\\\Programs\\\\Bot Framework Composer\\\\resources\\\\app.asar.unpacked\\\\extensions\\\\azurePublish\\\\dist\\\\extension.js:255547:25)\\n    at createCustomizeError2 (C:\\\\Users\\\\v-edaayan\\\\AppData\\\\Local\\\\Programs\\\\Bot Framework Composer\\\\resources\\\\app.asar.unpacked\\\\extensions\\\\azurePublish\\\\dist\\\\extension.js:255552:10)\\n    at AzureResourceMananger.deployCosmosDBResource (C:\\\\Users\\\\v-edaayan\\\\AppData\\\\Local\\\\Programs\\\\Bot Framework Composer\\\\resources\\\\app.asar.unpacked\\\\extensions\\\\azurePublish\\\\dist\\\\extension.js:256698:13)\"}. See provision.newmico.log in your bot folder"
  ]
}
